Generating 2000000 random players...
Loaded 2000000 players across 2 processors
Distribution time: 1348.97 ms
Sorting with Hyperquicksort...
Distribution time: 1348.97 ms
Sort time: 9933.05 ms
Total time: 11282.1 ms

--- Load Balance Metrics ---
Process | Local Size | Local Time (ms)
----------------------------------------
0        | 1000056    | 9933.05
1        | 999944     | 9933.13

Min time: 9933.05 ms
Max time: 9933.13 ms
Avg time: 9933.09 ms
Imbalance: 0.000800553 %
----------------------------------------

Rank  | Title | Name                            | Std  | Rapid | Blitz | Mean
--------------------------------------------------------------------------------
1     | IM    | Dmitry, Andreikin               | 2845 | 2849  | 2847  | 2847.0
2     | CM    | Vladimir, Vachier-Lagrave       | 2843 | 2848  | 2848  | 2846.3
3     | CM    | Vidit, Duda                     | 2839 | 2848  | 2850  | 2845.7
4     | WGM   | Viswanathan, So                 | 2846 | 2842  | 2846  | 2844.7
5     | WIM   | Wesley, Aronian                 | 2838 | 2849  | 2844  | 2843.7
6     | WGM   | Maxime, Mamedyarov              | 2848 | 2850  | 2830  | 2842.7
7     | GM    | Shakhriyar, Gujrathi            | 2844 | 2833  | 2850  | 2842.3
8     | WFM   | Fabiano, Giri                   | 2849 | 2848  | 2830  | 2842.3
9     | WGM   | Wesley, Rapport                 | 2848 | 2830  | 2849  | 2842.3
10    | GM    | Fabiano, Mamedyarov             | 2847 | 2837  | 2842  | 2842.0
11    | FM    | Maxime, Caruana                 | 2843 | 2844  | 2839  | 2842.0
12    | WFM   | Richard, Aronian                | 2837 | 2850  | 2837  | 2841.3
13    | GM    | Richard, Mamedyarov             | 2845 | 2847  | 2832  | 2841.3
14    | GM    | Vladimir, Mamedyarov            | 2847 | 2833  | 2843  | 2841.0
15    | FM    | Shakhriyar, Nakamura            | 2843 | 2840  | 2839  | 2840.7
16    | WFM   | Magnus, Rapport                 | 2842 | 2842  | 2838  | 2840.7
17    | WFM   | Wesley, Nepomniachtchi          | 2844 | 2836  | 2841  | 2840.3
18    | GM    | Ding, Giri                      | 2847 | 2833  | 2841  | 2840.3
19    | IM    | Hikaru, Yangyi                  | 2839 | 2843  | 2839  | 2840.3
20    | -     | Viswanathan, Aronian            | 2839 | 2835  | 2846  | 2840.0

Full results saved to results/sorted_players_p2.csv

Job Metrics:
Job ID: 290761
Cluster: bdw
User/Group: cursoppyd4/cursoppyd4
State: COMPLETED (exit code 0)
Nodes: 1
Cores per node: 2
CPU Utilized: 00:00:26
CPU Efficiency: 81.25% of 00:00:32 core-walltime
Job Wall-clock time: 00:00:16
Memory Utilized: 1.04 GB
Memory Efficiency: 13.67% of 7.62 GB (3.81 GB/core)
