Generating 750000 random players...
Loaded 750000 players across 4 processors
Distribution time: 530.036 ms
Sorting with Hyperquicksort...
Distribution time: 530.036 ms
Sort time: 1790.28 ms
Total time: 2320.36 ms

--- Load Balance Metrics ---
Process | Local Size | Local Time (ms)
----------------------------------------
0        | 0          | 1790.28
1        | 375293     | 1790.32
2        | 0          | 1790.33
3        | 374707     | 1790.33

Min time: 1790.28 ms
Max time: 1790.33 ms
Avg time: 1790.31 ms
Imbalance: 0.00281708 %
----------------------------------------

Rank  | Title | Name                            | Std  | Rapid | Blitz | Mean
--------------------------------------------------------------------------------
1     | CM    | Anish, Aronian                  | 2850 | 2847  | 2844  | 2847.0
2     | FM    | Vidit, Radjabov                 | 2845 | 2834  | 2848  | 2842.3
3     | FM    | Vladimir, Anand                 | 2843 | 2836  | 2848  | 2842.3
4     | IM    | Fabiano, Vachier-Lagrave        | 2837 | 2846  | 2841  | 2841.3
5     | CM    | Teimour, Nepomniachtchi         | 2844 | 2837  | 2842  | 2841.0
6     | CM    | Shakhriyar, Anand               | 2849 | 2841  | 2832  | 2840.7
7     | WFM   | Wesley, Anand                   | 2839 | 2850  | 2832  | 2840.3
8     | WGM   | Shakhriyar, Anand               | 2823 | 2850  | 2846  | 2839.7
9     | FM    | Maxime, Liren                   | 2826 | 2843  | 2850  | 2839.7
10    | CM    | Magnus, Yangyi                  | 2846 | 2840  | 2832  | 2839.3
11    | GM    | Maxime, Andreikin               | 2830 | 2846  | 2840  | 2838.7
12    | WGM   | Viswanathan, Carlsen            | 2840 | 2840  | 2836  | 2838.7
13    | CM    | Sergey, So                      | 2850 | 2834  | 2830  | 2838.0
14    | WFM   | Sergey, Liren                   | 2845 | 2846  | 2822  | 2837.7
15    | WIM   | Richard, Liren                  | 2835 | 2835  | 2841  | 2837.0
16    | FM    | Maxime, Nepomniachtchi          | 2833 | 2835  | 2842  | 2836.7
17    | WIM   | Wesley, Yangyi                  | 2825 | 2845  | 2839  | 2836.3
18    | IM    | Yu, Giri                        | 2835 | 2840  | 2833  | 2836.0
19    | WFM   | Anish, Radjabov                 | 2842 | 2833  | 2832  | 2835.7
20    | -     | Sergey, Mamedyarov              | 2837 | 2834  | 2835  | 2835.3

Full results saved to results/sorted_players_p4.csv

Job Metrics:
Job ID: 290747
Cluster: bdw
User/Group: cursoppyd4/cursoppyd4
State: COMPLETED (exit code 0)
Nodes: 1
Cores per node: 4
CPU Utilized: 00:00:12
CPU Efficiency: 50.00% of 00:00:24 core-walltime
Job Wall-clock time: 00:00:06
Memory Utilized: 802.01 MB
Memory Efficiency: 5.14% of 15.25 GB (3.81 GB/core)
