Generating 100000 random players...
Loaded 100000 players across 4 processors
Distribution time: 64.6908 ms
Sorting with Hyperquicksort...
Distribution time: 64.6908 ms
Sort time: 94.8027 ms
Total time: 159.585 ms

--- Load Balance Metrics ---
Process | Local Size | Local Time (ms)
----------------------------------------
0        | 0          | 94.80
1        | 49967      | 94.89
2        | 0          | 94.89
3        | 50033      | 94.89

Min time: 94.8027 ms
Max time: 94.8948 ms
Avg time: 94.871 ms
Imbalance: 0.0970296 %
----------------------------------------

Rank  | Title | Name                            | Std  | Rapid | Blitz | Mean
--------------------------------------------------------------------------------
1     | WIM   | Magnus, Giri                    | 2833 | 2840  | 2841  | 2838.0
2     | FM    | Hikaru, Duda                    | 2832 | 2838  | 2842  | 2837.3
3     | -     | Sergey, Karjakin                | 2850 | 2828  | 2819  | 2832.3
4     | GM    | Anish, Nakamura                 | 2839 | 2821  | 2837  | 2832.3
5     | IM    | Wesley, Giri                    | 2836 | 2838  | 2822  | 2832.0
6     | WGM   | Fabiano, So                     | 2836 | 2846  | 2809  | 2830.3
7     | IM    | Jan, Mamedyarov                 | 2847 | 2802  | 2840  | 2829.7
8     | WFM   | Anish, Kramnik                  | 2848 | 2846  | 2789  | 2827.7
9     | WFM   | Ian, Kramnik                    | 2787 | 2845  | 2848  | 2826.7
10    | -     | Teimour, Nepomniachtchi         | 2800 | 2835  | 2844  | 2826.3
11    | IM    | Jan, Yangyi                     | 2805 | 2829  | 2840  | 2824.7
12    | WGM   | Viswanathan, Nakamura           | 2814 | 2817  | 2835  | 2822.0
13    | WGM   | Alexander, Yangyi               | 2780 | 2836  | 2848  | 2821.3
14    | FM    | Vladimir, Rapport               | 2827 | 2848  | 2788  | 2821.0
15    | GM    | Richard, Vachier-Lagrave        | 2841 | 2810  | 2811  | 2820.7
16    | IM    | Fabiano, Andreikin              | 2841 | 2816  | 2805  | 2820.7
17    | FM    | Maxime, Nakamura                | 2801 | 2838  | 2822  | 2820.3
18    | WIM   | Vidit, So                       | 2848 | 2789  | 2823  | 2820.0
19    | WGM   | Hikaru, Anand                   | 2837 | 2788  | 2832  | 2819.0
20    | -     | Jan, Giri                       | 2846 | 2804  | 2804  | 2818.0

Full results saved to results/sorted_players_p4.csv

Job Metrics:
Job ID: 290711
Cluster: bdw
User/Group: cursoppyd4/cursoppyd4
State: COMPLETED (exit code 0)
Nodes: 1
Cores per node: 4
CPU Utilized: 00:00:02
CPU Efficiency: 16.67% of 00:00:12 core-walltime
Job Wall-clock time: 00:00:03
Memory Utilized: 426.05 MB
Memory Efficiency: 2.73% of 15.25 GB (3.81 GB/core)
