Generating 100000 random players...
Loaded 100000 players across 2 processors
Distribution time: 58.9992 ms
Sorting with Hyperquicksort...
Distribution time: 58.9992 ms
Sort time: 51.8939 ms
Total time: 110.957 ms

--- Load Balance Metrics ---
Process | Local Size | Local Time (ms)
----------------------------------------
0        | 50050      | 51.89
1        | 49950      | 51.96

Min time: 51.8939 ms
Max time: 51.9574 ms
Avg time: 51.9256 ms
Imbalance: 0.122135 %
----------------------------------------

Rank  | Title | Name                            | Std  | Rapid | Blitz | Mean
--------------------------------------------------------------------------------
1     | WGM   | Alexander, So                   | 2835 | 2845  | 2847  | 2842.3
2     | -     | Anish, Karjakin                 | 2828 | 2840  | 2846  | 2838.0
3     | WIM   | Hikaru, Vachier-Lagrave         | 2839 | 2846  | 2826  | 2837.0
4     | GM    | Magnus, Karjakin                | 2824 | 2830  | 2848  | 2834.0
5     | GM    | Ding, Karjakin                  | 2848 | 2813  | 2833  | 2831.3
6     | WIM   | Viswanathan, Karjakin           | 2824 | 2839  | 2829  | 2830.7
7     | -     | Fabiano, Andreikin              | 2807 | 2839  | 2840  | 2828.7
8     | WIM   | Sergey, Radjabov                | 2824 | 2815  | 2846  | 2828.3
9     | CM    | Magnus, Nepomniachtchi          | 2825 | 2845  | 2811  | 2827.0
10    | -     | Vidit, Kramnik                  | 2822 | 2818  | 2841  | 2827.0
11    | WIM   | Anish, Carlsen                  | 2814 | 2828  | 2838  | 2826.7
12    | CM    | Viswanathan, Yangyi             | 2826 | 2818  | 2835  | 2826.3
13    | WFM   | Alexander, Nakamura             | 2845 | 2793  | 2837  | 2825.0
14    | IM    | Alexander, Radjabov             | 2812 | 2827  | 2832  | 2823.7
15    | CM    | Levon, Caruana                  | 2838 | 2827  | 2805  | 2823.3
16    | WFM   | Magnus, Yangyi                  | 2799 | 2828  | 2843  | 2823.3
17    | WFM   | Wesley, Duda                    | 2794 | 2848  | 2827  | 2823.0
18    | WIM   | Sergey, So                      | 2841 | 2806  | 2821  | 2822.7
19    | GM    | Ding, Rapport                   | 2822 | 2803  | 2841  | 2822.0
20    | WFM   | Teimour, Aronian                | 2821 | 2825  | 2818  | 2821.3

Full results saved to results/sorted_players_p2.csv

Job Metrics:
Job ID: 290707
Cluster: bdw
User/Group: cursoppyd4/cursoppyd4
State: COMPLETED (exit code 0)
Nodes: 1
Cores per node: 2
CPU Utilized: 00:00:01
CPU Efficiency: 25.00% of 00:00:04 core-walltime
Job Wall-clock time: 00:00:02
Memory Utilized: 247.01 MB
Memory Efficiency: 3.16% of 7.62 GB (3.81 GB/core)
