Generating 5000000 random players...
Loaded 5000000 players across 2 processors
Distribution time: 3748.59 ms
Sorting with Hyperquicksort...
Distribution time: 3748.59 ms
Sort time: 65666.9 ms
Total time: 69415.7 ms

--- Load Balance Metrics ---
Process | Local Size | Local Time (ms)
----------------------------------------
0        | 2502369    | 65666.87
1        | 2497631    | 65667.10

Min time: 65666.9 ms
Max time: 65667.1 ms
Avg time: 65667 ms
Imbalance: 0.000337627 %
----------------------------------------

Rank  | Title | Name                            | Std  | Rapid | Blitz | Mean
--------------------------------------------------------------------------------
1     | IM    | Magnus, Nakamura                | 2844 | 2848  | 2849  | 2847.0
2     | WGM   | Yu, Vachier-Lagrave             | 2850 | 2842  | 2847  | 2846.3
3     | WFM   | Hikaru, Caruana                 | 2850 | 2848  | 2839  | 2845.7
4     | WIM   | Jan, Caruana                    | 2841 | 2850  | 2844  | 2845.0
5     | GM    | Dmitry, Aronian                 | 2850 | 2842  | 2838  | 2843.3
6     | WGM   | Dmitry, Mamedyarov              | 2840 | 2841  | 2848  | 2843.0
7     | FM    | Dmitry, Carlsen                 | 2850 | 2844  | 2835  | 2843.0
8     | IM    | Dmitry, Giri                    | 2846 | 2846  | 2837  | 2843.0
9     | GM    | Jan, Carlsen                    | 2843 | 2836  | 2850  | 2843.0
10    | CM    | Levon, Yangyi                   | 2841 | 2849  | 2839  | 2843.0
11    | GM    | Jan, Giri                       | 2848 | 2841  | 2839  | 2842.7
12    | GM    | Maxime, Rapport                 | 2849 | 2850  | 2828  | 2842.3
13    | -     | Dmitry, Rapport                 | 2850 | 2837  | 2840  | 2842.3
14    | WFM   | Magnus, Kramnik                 | 2843 | 2849  | 2835  | 2842.3
15    | FM    | Maxime, Carlsen                 | 2846 | 2836  | 2844  | 2842.0
16    | WFM   | Richard, Rapport                | 2848 | 2849  | 2828  | 2841.7
17    | WFM   | Vladimir, Anand                 | 2834 | 2848  | 2842  | 2841.3
18    | -     | Dmitry, Kramnik                 | 2828 | 2846  | 2850  | 2841.3
19    | WGM   | Ding, Mamedyarov                | 2844 | 2832  | 2847  | 2841.0
20    | GM    | Vladimir, So                    | 2829 | 2849  | 2845  | 2841.0

Full results saved to results/sorted_players_p2.csv

Job Metrics:
Job ID: 290779
Cluster: bdw
User/Group: cursoppyd4/cursoppyd4
State: COMPLETED (exit code 0)
Nodes: 1
Cores per node: 2
CPU Utilized: 00:02:27
CPU Efficiency: 94.23% of 00:02:36 core-walltime
Job Wall-clock time: 00:01:18
Memory Utilized: 2.19 GB
Memory Efficiency: 28.72% of 7.62 GB (3.81 GB/core)
