Generating 100000 random players...
Loaded 100000 players across 4 processors
Distribution time: 67.4245 ms
Sorting with Hyperquicksort...
Distribution time: 67.4245 ms
Sort time: 89.1631 ms
Total time: 156.625 ms

--- Load Balance Metrics ---
Process | Local Size | Local Time (ms)
----------------------------------------
0        | 0          | 89.16
1        | 50067      | 89.20
2        | 0          | 89.20
3        | 49933      | 89.20

Min time: 89.1631 ms
Max time: 89.2004 ms
Avg time: 89.191 ms
Imbalance: 0.0418283 %
----------------------------------------

Rank  | Title | Name                            | Std  | Rapid | Blitz | Mean
--------------------------------------------------------------------------------
1     | WIM   | Ian, Nakamura                   | 2843 | 2831  | 2849  | 2841.0
2     | CM    | Anish, Karjakin                 | 2840 | 2835  | 2845  | 2840.0
3     | -     | Maxime, Gujrathi                | 2847 | 2831  | 2832  | 2836.7
4     | CM    | Richard, Nepomniachtchi         | 2839 | 2818  | 2845  | 2834.0
5     | CM    | Vidit, Nepomniachtchi           | 2850 | 2841  | 2811  | 2834.0
6     | GM    | Anish, Gujrathi                 | 2816 | 2847  | 2839  | 2834.0
7     | CM    | Viswanathan, Vachier-Lagrave    | 2822 | 2843  | 2836  | 2833.7
8     | FM    | Teimour, Anand                  | 2820 | 2850  | 2828  | 2832.7
9     | GM    | Dmitry, Gujrathi                | 2816 | 2840  | 2837  | 2831.0
10    | WFM   | Ding, Giri                      | 2823 | 2829  | 2839  | 2830.3
11    | WFM   | Ding, Gujrathi                  | 2831 | 2837  | 2822  | 2830.0
12    | CM    | Vidit, Grischuk                 | 2846 | 2827  | 2813  | 2828.7
13    | WIM   | Shakhriyar, Mamedyarov          | 2830 | 2823  | 2830  | 2827.7
14    | WGM   | Viswanathan, Aronian            | 2833 | 2811  | 2836  | 2826.7
15    | GM    | Yu, Rapport                     | 2846 | 2789  | 2843  | 2826.0
16    | GM    | Fabiano, Rapport                | 2814 | 2834  | 2827  | 2825.0
17    | GM    | Ding, So                        | 2830 | 2835  | 2810  | 2825.0
18    | -     | Ian, Grischuk                   | 2820 | 2808  | 2844  | 2824.0
19    | IM    | Dmitry, Carlsen                 | 2847 | 2825  | 2800  | 2824.0
20    | -     | Viswanathan, Karjakin           | 2801 | 2819  | 2847  | 2822.3

Full results saved to results/sorted_players_p4.csv

Job Metrics:
Job ID: 290710
Cluster: bdw
User/Group: cursoppyd4/cursoppyd4
State: COMPLETED (exit code 0)
Nodes: 1
Cores per node: 4
CPU Utilized: 00:00:02
CPU Efficiency: 16.67% of 00:00:12 core-walltime
Job Wall-clock time: 00:00:03
Memory Utilized: 392.29 MB
Memory Efficiency: 2.51% of 15.25 GB (3.81 GB/core)
