Generating 100000 random players...
Loaded 100000 players across 32 processors
Distribution time: 62.3077 ms
Sorting with Hyperquicksort...
Sort time: 98.5541 ms
Total time: 160.927 ms

Rank  | Title | Name                            | Std  | Rapid | Blitz | Mean
--------------------------------------------------------------------------------
1     | CM    | Yu, Radjabov                    | 2832 | 2835  | 2848  | 2838.3
2     | GM    | Vidit, Yangyi                   | 2816 | 2850  | 2843  | 2836.3
3     | WGM   | Alexander, Anand                | 2826 | 2828  | 2848  | 2834.0
4     | IM    | Yu, Liren                       | 2824 | 2830  | 2837  | 2830.3
5     | CM    | Levon, Aronian                  | 2848 | 2813  | 2827  | 2829.3
6     | WGM   | Viswanathan, Caruana            | 2829 | 2833  | 2824  | 2828.7
7     | IM    | Anish, Yangyi                   | 2840 | 2837  | 2804  | 2827.0
8     | WFM   | Viswanathan, Mamedyarov         | 2825 | 2819  | 2836  | 2826.7
9     | WFM   | Yu, Carlsen                     | 2832 | 2804  | 2840  | 2825.3
10    | IM    | Fabiano, Andreikin              | 2820 | 2817  | 2837  | 2824.7
11    | WGM   | Vladimir, Giri                  | 2828 | 2820  | 2826  | 2824.7
12    | CM    | Magnus, Kramnik                 | 2810 | 2813  | 2850  | 2824.3
13    | IM    | Dmitry, Yangyi                  | 2825 | 2800  | 2847  | 2824.0
14    | CM    | Hikaru, Giri                    | 2790 | 2842  | 2840  | 2824.0
15    | GM    | Ding, Duda                      | 2818 | 2847  | 2806  | 2823.7
16    | -     | Fabiano, Giri                   | 2832 | 2837  | 2795  | 2821.3
17    | IM    | Teimour, Liren                  | 2815 | 2821  | 2827  | 2821.0
18    | CM    | Dmitry, Nepomniachtchi          | 2819 | 2834  | 2810  | 2821.0
19    | GM    | Maxime, Carlsen                 | 2831 | 2830  | 2800  | 2820.3
20    | -     | Richard, Nakamura               | 2845 | 2838  | 2778  | 2820.3

Full results saved to results/sorted_players_p32.csv

Job Metrics:
Job ID: 290619
Cluster: bdw
User/Group: cursoppyd4/cursoppyd4
State: COMPLETED (exit code 0)
Nodes: 1
Cores per node: 32
CPU Utilized: 00:00:21
CPU Efficiency: 10.94% of 00:03:12 core-walltime
Job Wall-clock time: 00:00:06
Memory Utilized: 614.94 MB
Memory Efficiency: 0.49% of 122.00 GB (3.81 GB/core)
