Generating 2000000 random players...
Loaded 2000000 players across 16 processors
Distribution time: 1559.65 ms
Sorting with Hyperquicksort...
Distribution time: 1559.65 ms
Sort time: 11754.6 ms
Total time: 13314.3 ms

--- Load Balance Metrics ---
Process | Local Size | Local Time (ms)
----------------------------------------
0        | 0          | 11754.59
1        | 0          | 11754.65
2        | 0          | 11754.64
3        | 0          | 11754.61
4        | 0          | 11754.65
5        | 0          | 11754.62
6        | 0          | 11754.61
7        | 1000051    | 11754.58
8        | 0          | 11754.69
9        | 0          | 11754.66
10       | 0          | 11754.65
11       | 0          | 11754.62
12       | 0          | 11754.66
13       | 0          | 11754.63
14       | 0          | 11754.61
15       | 999949     | 11754.58

Min time: 11754.6 ms
Max time: 11754.7 ms
Avg time: 11754.6 ms
Imbalance: 0.000907595 %
----------------------------------------

Rank  | Title | Name                            | Std  | Rapid | Blitz | Mean
--------------------------------------------------------------------------------
1     | CM    | Hikaru, Vachier-Lagrave         | 2849 | 2850  | 2843  | 2847.3
2     | IM    | Magnus, Duda                    | 2847 | 2850  | 2845  | 2847.3
3     | CM    | Shakhriyar, Giri                | 2836 | 2847  | 2848  | 2843.7
4     | IM    | Maxime, Nepomniachtchi          | 2848 | 2845  | 2833  | 2842.0
5     | IM    | Vladimir, Nepomniachtchi        | 2838 | 2849  | 2838  | 2841.7
6     | WGM   | Wesley, So                      | 2847 | 2848  | 2829  | 2841.3
7     | CM    | Vidit, Kramnik                  | 2846 | 2848  | 2829  | 2841.0
8     | WGM   | Wesley, Karjakin                | 2833 | 2849  | 2841  | 2841.0
9     | -     | Vidit, Caruana                  | 2827 | 2849  | 2846  | 2840.7
10    | GM    | Alexander, Vachier-Lagrave      | 2842 | 2844  | 2836  | 2840.7
11    | WFM   | Jan, Gujrathi                   | 2826 | 2848  | 2848  | 2840.7
12    | WIM   | Anish, Anand                    | 2831 | 2841  | 2850  | 2840.7
13    | WIM   | Yu, Giri                        | 2847 | 2831  | 2843  | 2840.3
14    | -     | Shakhriyar, Grischuk            | 2844 | 2829  | 2848  | 2840.3
15    | WIM   | Hikaru, Gujrathi                | 2828 | 2848  | 2844  | 2840.0
16    | -     | Vidit, Rapport                  | 2841 | 2835  | 2844  | 2840.0
17    | FM    | Vladimir, Yangyi                | 2849 | 2820  | 2849  | 2839.3
18    | IM    | Ding, Rapport                   | 2850 | 2829  | 2837  | 2838.7
19    | -     | Ian, So                         | 2825 | 2844  | 2847  | 2838.7
20    | IM    | Sergey, Giri                    | 2840 | 2833  | 2843  | 2838.7

Full results saved to results/sorted_players_p16.csv

Job Metrics:
Job ID: 290770
Cluster: bdw
User/Group: cursoppyd4/cursoppyd4
State: COMPLETED (exit code 0)
Nodes: 1
Cores per node: 16
CPU Utilized: 00:03:42
CPU Efficiency: 69.38% of 00:05:20 core-walltime
Job Wall-clock time: 00:00:20
Memory Utilized: 1.66 GB
Memory Efficiency: 2.73% of 61.00 GB (3.81 GB/core)
