Sequential Quicksort --generate 100000 players (run 3)
Generating 100000 random players...
Loaded 100000 players in 42.0279 ms
Sorting...
Sorted in 102.62 ms
Total: 144.747 ms

Rank  | Title | Name                            | Std  | Rapid | Blitz | Mean
--------------------------------------------------------------------------------
1     | WIM   | Yu, Mamedyarov                  | 2845 | 2835  | 2831  | 2837.0
2     | CM    | Vladimir, Rapport               | 2845 | 2835  | 2829  | 2836.3
3     | IM    | Sergey, Grischuk                | 2825 | 2840  | 2843  | 2836.0
4     | WGM   | Yu, Karjakin                    | 2820 | 2849  | 2833  | 2834.0
5     | FM    | Vidit, Andreikin                | 2838 | 2793  | 2846  | 2825.7
6     | GM    | Anish, Vachier-Lagrave          | 2828 | 2841  | 2803  | 2824.0
7     | -     | Viswanathan, Karjakin           | 2844 | 2841  | 2785  | 2823.3
8     | IM    | Shakhriyar, Carlsen             | 2818 | 2838  | 2813  | 2823.0
9     | CM    | Sergey, Aronian                 | 2818 | 2819  | 2830  | 2822.3
10    | WIM   | Hikaru, Andreikin               | 2820 | 2849  | 2796  | 2821.7
11    | WGM   | Richard, Radjabov               | 2799 | 2837  | 2828  | 2821.3
12    | -     | Teimour, Aronian                | 2850 | 2778  | 2835  | 2821.0
13    | IM    | Vidit, Liren                    | 2791 | 2849  | 2822  | 2820.7
14    | FM    | Alexander, Liren                | 2793 | 2842  | 2827  | 2820.7
15    | WGM   | Dmitry, Radjabov                | 2820 | 2833  | 2806  | 2819.7
16    | WIM   | Shakhriyar, Karjakin            | 2831 | 2822  | 2806  | 2819.7
17    | WFM   | Teimour, Caruana                | 2814 | 2832  | 2810  | 2818.7
18    | FM    | Shakhriyar, Liren               | 2834 | 2837  | 2784  | 2818.3
19    | GM    | Alexander, Nepomniachtchi       | 2840 | 2773  | 2841  | 2818.0
20    | WIM   | Anish, Mamedyarov               | 2837 | 2843  | 2774  | 2818.0

Full results saved to sorted_players.csv

Job Metrics:
Job ID: 290706
Cluster: bdw
User/Group: cursoppyd4/cursoppyd4
State: COMPLETED (exit code 0)
Cores: 1
CPU Utilized: 00:00:01
CPU Efficiency: 100.00% of 00:00:01 core-walltime
Job Wall-clock time: 00:00:01
Memory Utilized: 28.33 MB
Memory Efficiency: 0.73% of 3.81 GB (3.81 GB/core)
