Sequential Quicksort --generate 100000 players (run 1)
Generating 100000 random players...
Loaded 100000 players in 37.6539 ms
Sorting...
Sorted in 87.9323 ms
Total: 125.669 ms

Rank  | Title | Name                            | Std  | Rapid | Blitz | Mean
--------------------------------------------------------------------------------
1     | -     | Wesley, Vachier-Lagrave         | 2832 | 2847  | 2825  | 2834.7
2     | WGM   | Viswanathan, Gujrathi           | 2850 | 2803  | 2850  | 2834.3
3     | GM    | Wesley, Rapport                 | 2837 | 2834  | 2830  | 2833.7
4     | -     | Richard, Vachier-Lagrave        | 2839 | 2818  | 2843  | 2833.3
5     | WFM   | Teimour, Aronian                | 2820 | 2840  | 2836  | 2832.0
6     | CM    | Richard, Kramnik                | 2807 | 2847  | 2838  | 2830.7
7     | IM    | Levon, Aronian                  | 2817 | 2836  | 2839  | 2830.7
8     | CM    | Teimour, Anand                  | 2838 | 2833  | 2820  | 2830.3
9     | CM    | Levon, Andreikin                | 2831 | 2813  | 2845  | 2829.7
10    | FM    | Alexander, Mamedyarov           | 2843 | 2833  | 2807  | 2827.7
11    | -     | Hikaru, Karjakin                | 2833 | 2836  | 2806  | 2825.0
12    | WIM   | Jan, Anand                      | 2807 | 2827  | 2840  | 2824.7
13    | WGM   | Yu, Carlsen                     | 2841 | 2807  | 2824  | 2824.0
14    | -     | Teimour, Duda                   | 2845 | 2833  | 2792  | 2823.3
15    | -     | Alexander, Vachier-Lagrave      | 2842 | 2815  | 2812  | 2823.0
16    | CM    | Magnus, Mamedyarov              | 2775 | 2850  | 2844  | 2823.0
17    | WIM   | Jan, Kramnik                    | 2844 | 2833  | 2792  | 2823.0
18    | WFM   | Sergey, Nepomniachtchi          | 2813 | 2824  | 2831  | 2822.7
19    | IM    | Viswanathan, Mamedyarov         | 2781 | 2841  | 2844  | 2822.0
20    | IM    | Richard, Aronian                | 2801 | 2825  | 2833  | 2819.7

Full results saved to sorted_players.csv

Job Metrics:
Job ID: 290704
Cluster: bdw
User/Group: cursoppyd4/cursoppyd4
State: COMPLETED (exit code 0)
Cores: 1
CPU Utilized: 00:00:01
CPU Efficiency: 50.00% of 00:00:02 core-walltime
Job Wall-clock time: 00:00:02
Memory Utilized: 35.19 MB
Memory Efficiency: 0.90% of 3.81 GB (3.81 GB/core)
